CRITICAL - 2021-03-05 21:52:15 --> Undefined variable $title
#0 C:\xampp\htdocs\ci4app\app\Views\layout\header.php(12): CodeIgniter\Debug\Exceptions->errorHandler(2, 'Undefined varia...', 'C:\\xampp\\htdocs...', 12)
#1 C:\xampp\htdocs\ci4app\vendor\codeigniter4\framework\system\View\View.php(220): include('C:\\xampp\\htdocs...')
#2 C:\xampp\htdocs\ci4app\vendor\codeigniter4\framework\system\View\View.php(222): CodeIgniter\View\View->CodeIgniter\View\{closure}()
#3 C:\xampp\htdocs\ci4app\vendor\codeigniter4\framework\system\Common.php(1217): CodeIgniter\View\View->render('layout/header', Array, true)
#4 C:\xampp\htdocs\ci4app\app\Controllers\Pages.php(19): view('layout/header')
#5 C:\xampp\htdocs\ci4app\vendor\codeigniter4\framework\system\CodeIgniter.php(936): App\Controllers\Pages->about()
#6 C:\xampp\htdocs\ci4app\vendor\codeigniter4\framework\system\CodeIgniter.php(432): CodeIgniter\CodeIgniter->runController(Object(App\Controllers\Pages))
#7 C:\xampp\htdocs\ci4app\vendor\codeigniter4\framework\system\CodeIgniter.php(333): CodeIgniter\CodeIgniter->handleRequest(NULL, Object(Config\Cache), false)
#8 C:\xampp\htdocs\ci4app\public\index.php(44): CodeIgniter\CodeIgniter->run()
#9 C:\xampp\htdocs\ci4app\vendor\codeigniter4\framework\system\Commands\Server\rewrite.php(45): require_once('C:\\xampp\\htdocs...')
#10 {main}
CRITICAL - 2021-03-05 21:53:12 --> Undefined variable $title
#0 C:\xampp\htdocs\ci4app\app\Views\layout\header.php(12): CodeIgniter\Debug\Exceptions->errorHandler(2, 'Undefined varia...', 'C:\\xampp\\htdocs...', 12)
#1 C:\xampp\htdocs\ci4app\vendor\codeigniter4\framework\system\View\View.php(220): include('C:\\xampp\\htdocs...')
#2 C:\xampp\htdocs\ci4app\vendor\codeigniter4\framework\system\View\View.php(222): CodeIgniter\View\View->CodeIgniter\View\{closure}()
#3 C:\xampp\htdocs\ci4app\vendor\codeigniter4\framework\system\Common.php(1217): CodeIgniter\View\View->render('layout/header', Array, true)
#4 C:\xampp\htdocs\ci4app\app\Controllers\Pages.php(22): view('layout/header')
#5 C:\xampp\htdocs\ci4app\vendor\codeigniter4\framework\system\CodeIgniter.php(936): App\Controllers\Pages->about()
#6 C:\xampp\htdocs\ci4app\vendor\codeigniter4\framework\system\CodeIgniter.php(432): CodeIgniter\CodeIgniter->runController(Object(App\Controllers\Pages))
#7 C:\xampp\htdocs\ci4app\vendor\codeigniter4\framework\system\CodeIgniter.php(333): CodeIgniter\CodeIgniter->handleRequest(NULL, Object(Config\Cache), false)
#8 C:\xampp\htdocs\ci4app\public\index.php(44): CodeIgniter\CodeIgniter->run()
#9 C:\xampp\htdocs\ci4app\vendor\codeigniter4\framework\system\Commands\Server\rewrite.php(45): require_once('C:\\xampp\\htdocs...')
#10 {main}
CRITICAL - 2021-03-05 21:53:13 --> Undefined variable $title
#0 C:\xampp\htdocs\ci4app\app\Views\layout\header.php(12): CodeIgniter\Debug\Exceptions->errorHandler(2, 'Undefined varia...', 'C:\\xampp\\htdocs...', 12)
#1 C:\xampp\htdocs\ci4app\vendor\codeigniter4\framework\system\View\View.php(220): include('C:\\xampp\\htdocs...')
#2 C:\xampp\htdocs\ci4app\vendor\codeigniter4\framework\system\View\View.php(222): CodeIgniter\View\View->CodeIgniter\View\{closure}()
#3 C:\xampp\htdocs\ci4app\vendor\codeigniter4\framework\system\Common.php(1217): CodeIgniter\View\View->render('layout/header', Array, true)
#4 C:\xampp\htdocs\ci4app\app\Controllers\Pages.php(22): view('layout/header')
#5 C:\xampp\htdocs\ci4app\vendor\codeigniter4\framework\system\CodeIgniter.php(936): App\Controllers\Pages->about()
#6 C:\xampp\htdocs\ci4app\vendor\codeigniter4\framework\system\CodeIgniter.php(432): CodeIgniter\CodeIgniter->runController(Object(App\Controllers\Pages))
#7 C:\xampp\htdocs\ci4app\vendor\codeigniter4\framework\system\CodeIgniter.php(333): CodeIgniter\CodeIgniter->handleRequest(NULL, Object(Config\Cache), false)
#8 C:\xampp\htdocs\ci4app\public\index.php(44): CodeIgniter\CodeIgniter->run()
#9 C:\xampp\htdocs\ci4app\vendor\codeigniter4\framework\system\Commands\Server\rewrite.php(45): require_once('C:\\xampp\\htdocs...')
#10 {main}
CRITICAL - 2021-03-05 21:53:16 --> Undefined variable $title
#0 C:\xampp\htdocs\ci4app\app\Views\layout\header.php(12): CodeIgniter\Debug\Exceptions->errorHandler(2, 'Undefined varia...', 'C:\\xampp\\htdocs...', 12)
#1 C:\xampp\htdocs\ci4app\vendor\codeigniter4\framework\system\View\View.php(220): include('C:\\xampp\\htdocs...')
#2 C:\xampp\htdocs\ci4app\vendor\codeigniter4\framework\system\View\View.php(222): CodeIgniter\View\View->CodeIgniter\View\{closure}()
#3 C:\xampp\htdocs\ci4app\vendor\codeigniter4\framework\system\Common.php(1217): CodeIgniter\View\View->render('layout/header', Array, true)
#4 C:\xampp\htdocs\ci4app\app\Controllers\Pages.php(22): view('layout/header')
#5 C:\xampp\htdocs\ci4app\vendor\codeigniter4\framework\system\CodeIgniter.php(936): App\Controllers\Pages->about()
#6 C:\xampp\htdocs\ci4app\vendor\codeigniter4\framework\system\CodeIgniter.php(432): CodeIgniter\CodeIgniter->runController(Object(App\Controllers\Pages))
#7 C:\xampp\htdocs\ci4app\vendor\codeigniter4\framework\system\CodeIgniter.php(333): CodeIgniter\CodeIgniter->handleRequest(NULL, Object(Config\Cache), false)
#8 C:\xampp\htdocs\ci4app\public\index.php(44): CodeIgniter\CodeIgniter->run()
#9 C:\xampp\htdocs\ci4app\vendor\codeigniter4\framework\system\Commands\Server\rewrite.php(45): require_once('C:\\xampp\\htdocs...')
#10 {main}
CRITICAL - 2021-03-05 23:36:06 --> Call to undefined method CodeIgniter\View\View::extends()
#0 C:\xampp\htdocs\ci4app\vendor\codeigniter4\framework\system\View\View.php(220): include()
#1 C:\xampp\htdocs\ci4app\vendor\codeigniter4\framework\system\View\View.php(222): CodeIgniter\View\View->CodeIgniter\View\{closure}()
#2 C:\xampp\htdocs\ci4app\vendor\codeigniter4\framework\system\Common.php(1217): CodeIgniter\View\View->render('pages/home', Array, true)
#3 C:\xampp\htdocs\ci4app\app\Controllers\Pages.php(13): view('pages/home')
#4 C:\xampp\htdocs\ci4app\vendor\codeigniter4\framework\system\CodeIgniter.php(936): App\Controllers\Pages->index()
#5 C:\xampp\htdocs\ci4app\vendor\codeigniter4\framework\system\CodeIgniter.php(432): CodeIgniter\CodeIgniter->runController(Object(App\Controllers\Pages))
#6 C:\xampp\htdocs\ci4app\vendor\codeigniter4\framework\system\CodeIgniter.php(333): CodeIgniter\CodeIgniter->handleRequest(NULL, Object(Config\Cache), false)
#7 C:\xampp\htdocs\ci4app\public\index.php(44): CodeIgniter\CodeIgniter->run()
#8 C:\xampp\htdocs\ci4app\vendor\codeigniter4\framework\system\Commands\Server\rewrite.php(45): require_once('C:\\xampp\\htdocs...')
#9 {main}
CRITICAL - 2021-03-05 23:36:38 --> Undefined property: CodeIgniter\View\View::$endSection
#0 C:\xampp\htdocs\ci4app\app\Views\pages\home.php(11): CodeIgniter\Debug\Exceptions->errorHandler(2, 'Undefined prope...', 'C:\\xampp\\htdocs...', 11)
#1 C:\xampp\htdocs\ci4app\vendor\codeigniter4\framework\system\View\View.php(220): include('C:\\xampp\\htdocs...')
#2 C:\xampp\htdocs\ci4app\vendor\codeigniter4\framework\system\View\View.php(222): CodeIgniter\View\View->CodeIgniter\View\{closure}()
#3 C:\xampp\htdocs\ci4app\vendor\codeigniter4\framework\system\Common.php(1217): CodeIgniter\View\View->render('pages/home', Array, true)
#4 C:\xampp\htdocs\ci4app\app\Controllers\Pages.php(13): view('pages/home')
#5 C:\xampp\htdocs\ci4app\vendor\codeigniter4\framework\system\CodeIgniter.php(936): App\Controllers\Pages->index()
#6 C:\xampp\htdocs\ci4app\vendor\codeigniter4\framework\system\CodeIgniter.php(432): CodeIgniter\CodeIgniter->runController(Object(App\Controllers\Pages))
#7 C:\xampp\htdocs\ci4app\vendor\codeigniter4\framework\system\CodeIgniter.php(333): CodeIgniter\CodeIgniter->handleRequest(NULL, Object(Config\Cache), false)
#8 C:\xampp\htdocs\ci4app\public\index.php(44): CodeIgniter\CodeIgniter->run()
#9 C:\xampp\htdocs\ci4app\vendor\codeigniter4\framework\system\Commands\Server\rewrite.php(45): require_once('C:\\xampp\\htdocs...')
#10 {main}
CRITICAL - 2021-03-05 23:38:09 --> Undefined variable $adta
#0 C:\xampp\htdocs\ci4app\app\Controllers\Pages.php(20): CodeIgniter\Debug\Exceptions->errorHandler(2, 'Undefined varia...', 'C:\\xampp\\htdocs...', 20)
#1 C:\xampp\htdocs\ci4app\vendor\codeigniter4\framework\system\CodeIgniter.php(936): App\Controllers\Pages->about()
#2 C:\xampp\htdocs\ci4app\vendor\codeigniter4\framework\system\CodeIgniter.php(432): CodeIgniter\CodeIgniter->runController(Object(App\Controllers\Pages))
#3 C:\xampp\htdocs\ci4app\vendor\codeigniter4\framework\system\CodeIgniter.php(333): CodeIgniter\CodeIgniter->handleRequest(NULL, Object(Config\Cache), false)
#4 C:\xampp\htdocs\ci4app\public\index.php(44): CodeIgniter\CodeIgniter->run()
#5 C:\xampp\htdocs\ci4app\vendor\codeigniter4\framework\system\Commands\Server\rewrite.php(45): require_once('C:\\xampp\\htdocs...')
#6 {main}
CRITICAL - 2021-03-05 23:43:59 --> Invalid file: pages/contact.php
#0 C:\xampp\htdocs\ci4app\vendor\codeigniter4\framework\system\View\View.php(203): CodeIgniter\Exceptions\FrameworkException::forInvalidFile('pages/contact.p...')
#1 C:\xampp\htdocs\ci4app\vendor\codeigniter4\framework\system\Common.php(1217): CodeIgniter\View\View->render('pages/contact', Array, true)
#2 C:\xampp\htdocs\ci4app\app\Controllers\Pages.php(29): view('pages/contact', Array)
#3 C:\xampp\htdocs\ci4app\vendor\codeigniter4\framework\system\CodeIgniter.php(936): App\Controllers\Pages->contact()
#4 C:\xampp\htdocs\ci4app\vendor\codeigniter4\framework\system\CodeIgniter.php(432): CodeIgniter\CodeIgniter->runController(Object(App\Controllers\Pages))
#5 C:\xampp\htdocs\ci4app\vendor\codeigniter4\framework\system\CodeIgniter.php(333): CodeIgniter\CodeIgniter->handleRequest(NULL, Object(Config\Cache), false)
#6 C:\xampp\htdocs\ci4app\public\index.php(44): CodeIgniter\CodeIgniter->run()
#7 C:\xampp\htdocs\ci4app\vendor\codeigniter4\framework\system\Commands\Server\rewrite.php(45): require_once('C:\\xampp\\htdocs...')
#8 {main}
CRITICAL - 2021-03-05 23:54:37 --> syntax error, unexpected token "foreach"
#0 C:\xampp\htdocs\ci4app\vendor\codeigniter4\framework\system\View\View.php(222): CodeIgniter\View\View->CodeIgniter\View\{closure}()
#1 C:\xampp\htdocs\ci4app\vendor\codeigniter4\framework\system\Common.php(1217): CodeIgniter\View\View->render('pages/contact', Array, true)
#2 C:\xampp\htdocs\ci4app\app\Controllers\Pages.php(41): view('pages/contact', Array)
#3 C:\xampp\htdocs\ci4app\vendor\codeigniter4\framework\system\CodeIgniter.php(936): App\Controllers\Pages->contact()
#4 C:\xampp\htdocs\ci4app\vendor\codeigniter4\framework\system\CodeIgniter.php(432): CodeIgniter\CodeIgniter->runController(Object(App\Controllers\Pages))
#5 C:\xampp\htdocs\ci4app\vendor\codeigniter4\framework\system\CodeIgniter.php(333): CodeIgniter\CodeIgniter->handleRequest(NULL, Object(Config\Cache), false)
#6 C:\xampp\htdocs\ci4app\public\index.php(44): CodeIgniter\CodeIgniter->run()
#7 C:\xampp\htdocs\ci4app\vendor\codeigniter4\framework\system\Commands\Server\rewrite.php(45): require_once('C:\\xampp\\htdocs...')
#8 {main}
CRITICAL - 2021-03-05 23:57:32 --> Invalid file: layout.navbar
#0 C:\xampp\htdocs\ci4app\vendor\codeigniter4\framework\system\View\View.php(203): CodeIgniter\Exceptions\FrameworkException::forInvalidFile('layout.navbar')
#1 C:\xampp\htdocs\ci4app\vendor\codeigniter4\framework\system\View\View.php(468): CodeIgniter\View\View->render('layout.navbar', NULL, true)
#2 C:\xampp\htdocs\ci4app\app\Views\layout\template.php(16): CodeIgniter\View\View->include('layout.navbar')
#3 C:\xampp\htdocs\ci4app\vendor\codeigniter4\framework\system\View\View.php(220): include('C:\\xampp\\htdocs...')
#4 C:\xampp\htdocs\ci4app\vendor\codeigniter4\framework\system\View\View.php(222): CodeIgniter\View\View->CodeIgniter\View\{closure}()
#5 C:\xampp\htdocs\ci4app\vendor\codeigniter4\framework\system\View\View.php(236): CodeIgniter\View\View->render('layout/template', Array, true)
#6 C:\xampp\htdocs\ci4app\vendor\codeigniter4\framework\system\Common.php(1217): CodeIgniter\View\View->render('pages/contact', Array, true)
#7 C:\xampp\htdocs\ci4app\app\Controllers\Pages.php(41): view('pages/contact', Array)
#8 C:\xampp\htdocs\ci4app\vendor\codeigniter4\framework\system\CodeIgniter.php(936): App\Controllers\Pages->contact()
#9 C:\xampp\htdocs\ci4app\vendor\codeigniter4\framework\system\CodeIgniter.php(432): CodeIgniter\CodeIgniter->runController(Object(App\Controllers\Pages))
#10 C:\xampp\htdocs\ci4app\vendor\codeigniter4\framework\system\CodeIgniter.php(333): CodeIgniter\CodeIgniter->handleRequest(NULL, Object(Config\Cache), false)
#11 C:\xampp\htdocs\ci4app\public\index.php(44): CodeIgniter\CodeIgniter->run()
#12 C:\xampp\htdocs\ci4app\vendor\codeigniter4\framework\system\Commands\Server\rewrite.php(45): require_once('C:\\xampp\\htdocs...')
#13 {main}
